<?xml version="1.0" encoding="UTF-8"?>
<testsuite name="AdderTest" tests="1" skipped="0" failures="0" errors="0" timestamp="2023-01-26T15:53:57" hostname="LOPK" time="0.018">
  <properties/>
  <testcase name="testCallingMain()" classname="AdderTest" time="0.018"/>
  <system-out><![CDATA[]]></system-out>
  <system-err><![CDATA[]]></system-err>
</testsuite>
