<?xml version="1.0" encoding="UTF-8"?>
<testsuite name="ImQuadraticSolverTest" tests="1" skipped="0" failures="0" errors="0" timestamp="2023-01-29T21:30:42" hostname="LOPK" time="0.039">
  <properties/>
  <testcase name="testCallingMainWithImaginaryRoots()" classname="ImQuadraticSolverTest" time="0.039"/>
  <system-out><![CDATA[]]></system-out>
  <system-err><![CDATA[]]></system-err>
</testsuite>
